2021-11-26 20:38:37 | [INFO]    | Discordia 2.8.4
2021-11-26 20:38:37 | [INFO]    | Connecting to Discord...
2021-11-26 20:38:38 | [INFO]    | Authenticated as 512mb.org#1582
2021-11-26 20:38:38 | [INFO]    | Launching shard 0 (1 out of 1)...
2021-11-26 20:38:39 | [INFO]    | Shard 0 : Connected to wss://gateway.discord.gg
2021-11-26 20:38:39 | [INFO]    | Shard 0 : Received HELLO
2021-11-26 20:38:39 | [INFO]    | Shard 0 : Received READY
2021-11-26 20:42:01 | [INFO]    | Discordia 2.8.4
2021-11-26 20:42:01 | [INFO]    | Connecting to Discord...
2021-11-26 20:42:01 | [INFO]    | Authenticated as 512mb.org#1582
2021-11-26 20:42:01 | [INFO]    | Launching shard 0 (1 out of 1)...
2021-11-26 20:42:01 | [INFO]    | Shard 0 : Connected to wss://gateway.discord.gg
2021-11-26 20:42:01 | [INFO]    | Shard 0 : Received HELLO
2021-11-26 20:42:02 | [INFO]    | Shard 0 : Received READY
2021-11-26 20:43:30 | [INFO]    | Discordia 2.8.4
2021-11-26 20:43:30 | [INFO]    | Connecting to Discord...
2021-11-26 20:43:30 | [INFO]    | Authenticated as 512mb.org#1582
2021-11-26 20:43:30 | [INFO]    | Launching shard 0 (1 out of 1)...
2021-11-26 20:43:31 | [INFO]    | Shard 0 : Connected to wss://gateway.discord.gg
2021-11-26 20:43:31 | [INFO]    | Shard 0 : Received HELLO
2021-11-26 20:43:31 | [INFO]    | Shard 0 : Received READY
2021-11-26 20:49:51 | [INFO]    | Discordia 2.8.4
2021-11-26 20:49:51 | [INFO]    | Connecting to Discord...
2021-11-26 20:49:51 | [INFO]    | Authenticated as 512mb.org#1582
2021-11-26 20:49:51 | [INFO]    | Launching shard 0 (1 out of 1)...
2021-11-26 20:49:51 | [INFO]    | Shard 0 : Connected to wss://gateway.discord.gg
2021-11-26 20:49:51 | [INFO]    | Shard 0 : Received HELLO
2021-11-26 20:49:52 | [INFO]    | Shard 0 : Received READY
2021-11-26 20:50:10 | [ERROR]   | 400 - Bad Request : GET https://discord.com/api/v7/guilds/640251445949759499/members/nil
